C51 COMPILER V9.00   LED闪烁                                                               04/03/2022 17:31:04 PAGE 1   


C51 COMPILER V9.00, COMPILATION OF MODULE LED闪烁
OBJECT MODULE PLACED IN .\obj\LED闪烁.obj
COMPILER INVOKED BY: D:\tool\Keil_v5_c51_stc\C51\BIN\C51.EXE LED闪烁.c BROWSE DEBUG OBJECTEXTEND PRINT(.\obj\LED闪烁.lst
                    -) OBJECT(.\obj\LED闪烁.obj)

line level    source

   1          /*-----------------------------------------------
   2            名称：IO口高低电平控制
   3            论坛：www.doflye.net
   4            编写：shifang
   5            日期：2009.5
   6            修改：无
   7            内容：点亮P1口的1个LED灯闪烁
   8                  该程序是单片机学习中最简单最基础的，
   9                          通过程序了解如何控制端口的高低电平
  10          ------------------------------------------------*/
  11          #include<reg52.h> //包含头文件，一般情况不需要改动，
  12          //头文件包含特殊功能寄存器的定义
  13          
  14          sbit LED0=P0^0;// 用sbit 关键字 定义 LED到P1.0端口，
  15          //LED是自己任意定义且容易记忆的符号
  16          
  17          void Delay200ms();
  18          
  19          void Delay(unsigned int t); //函数声明
  20          /*------------------------------------------------
  21                              主函数
  22          ------------------------------------------------*/
  23          void main (void)
  24          {
  25   1                        //此方法使用bit位对单个端口赋值
  26   1      
  27   1      
  28   1      while (1)         //主循环
  29   1        {
  30   2        LED0=0;            //将P1.0口赋值 0，对外输出低电平
  31   2        Delay200ms();
  32   2      
  33   2        //Delay(10000);      //调用延时程序；更改延时数字可以更改延时长度；
  34   2                           //用于改变闪烁频率
  35   2        LED0=1;            //将P1.0口赋值 1，对外输出高电平
  36   2        Delay200ms();
  37   2        //Delay(10000);
  38   2                           //主循环中添加其他需要一直工作的程序
  39   2        }
  40   1      }
  41          /*------------------------------------------------
  42           延时函数，含有输入参数 unsigned int t，无返回值
  43           unsigned int 是定义无符号整形变量，其值的范围是
  44           0~65535
  45          ------------------------------------------------*/
  46          void Delay(unsigned int t)
  47          {
  48   1       while(--t);
  49   1      }
  50          
  51          void Delay200ms()               //@11.0592MHz
  52          {
  53   1              unsigned char i, j, k;
  54   1      
C51 COMPILER V9.00   LED闪烁                                                               04/03/2022 17:31:04 PAGE 2   

  55   1              i = 9;
  56   1              j = 104;
  57   1              k = 139;
  58   1              do
  59   1              {
  60   2                      do
  61   2                      {
  62   3                              while (--k);
  63   3                      } while (--j);
  64   2              } while (--i);
  65   1      }
  66          


MODULE INFORMATION:   STATIC OVERLAYABLE
   CODE SIZE        =     35    ----
   CONSTANT SIZE    =   ----    ----
   XDATA SIZE       =   ----    ----
   PDATA SIZE       =   ----    ----
   DATA SIZE        =   ----    ----
   IDATA SIZE       =   ----    ----
   BIT SIZE         =   ----    ----
END OF MODULE INFORMATION.


C51 COMPILATION COMPLETE.  0 WARNING(S),  0 ERROR(S)
