C51 COMPILER V7.50   GPRS                                                                  03/30/2011 23:21:22 PAGE 1   


C51 COMPILER V7.50, COMPILATION OF MODULE GPRS
OBJECT MODULE PLACED IN GPRS.OBJ
COMPILER INVOKED BY: d:\Keil\C51\BIN\C51.EXE GPRS.C BROWSE DEBUG OBJECTEXTEND

line level    source

   1          #include<reg52.h>
   2          #include<absacc.h>
   3          #include<stdio.h>
   4          
   5          #include"ds1302.h"
   6          #include"ds18b20.h"
   7          #include"1602.h"
*** WARNING C259 IN LINE 101 OF 1602.H: pointer: different mspace
   8          
   9          #define uint unsigned int
  10          #define uchar unsigned char
  11          #define RST      0X01
  12          #define CMGF     0X02
  13          #define CMGD     0X03
  14          #define CREG     0X04
  15          #define CMGR     0X05
  16          #define CMGS     0X06
  17          #define CSCA     0X07
  18          #define ATDAT    0X08
  19          #define TC35RET  0X00
  20          sbit IGT=P1^3;
  21          uchar a,b,c,d,C_TEMP;
  22          uint temp;
  23          
  24          int sum=0,sum1=0;
  25          //uchar code tab[]={0x03,0x9f,0x25,0x0d,0x99,0x49,0x41,0x1f,0x01,0x09,0xfd,0xff};//0-9,-,全灭 (共阳字段表)
  26          uchar str0[16]={"TIME 00:00:00   "};
  27          uchar str1[16]={"TEMP 000.0C     "};
  28          
  29          uchar code   GSM_START[16]={"GSM START!      "};
  30          uchar code  GSM_START1[16]={"GSM START!!     "};
  31          uchar code  GSM_START2[16]={"GSM START!!!    "};
  32          uchar code      ATE_OK[16]={"ATE0 OK!        "};
  33          uchar code   ATCMGF_OK[16]={"TEXT MODE OK!   "};
  34          uchar code  ATCREG1_OK[16]={"NET CONNECT OK! "};
  35          uchar code  ATCREG2_OK[16]={"NET CONNECTING! "};
  36          uchar code   ATCSCA_OK[16]={"CENTER NUM OK!  "};
  37          uchar code   ATCMGS_OK[16]={"PHONE NUM OK!   "};
  38          uchar code    ATGSM_OK[16]={"GSM SEND OK!    "};
  39          uchar code    ATGSM_FL[16]={"GSM SEND RETRY! "};
  40          #include"GSM.h"
  41          void initLCM( void);                                                                                                    //LCD初始化子程序
  42          void lcd_wait(void);                                                                                                    //LCD检测忙子程序
  43          void WriteCommandLCM(uchar WCLCM,uchar BusyC);                              //写指令到ICM子函数
  44          void WriteDataLCM(uchar WDLCM);                                             //写数据到LCM子函数
  45          void DisplayOneChar(uchar X,uchar Y,uchar DData);                           //显示指定坐标的一个字符子函数
  46          void DisplayListChar(uchar X,uchar Y,uchar *DData);                    //显示指定坐标的一串字符子函数
  47          
  48          void ATE0(void);
  49          void delay_GSM(uint);
  50          void init_serialcom( void );
  51          void send_uart( unsigned char);
  52          void ATNAME(void);
  53          void AT_CMGS(void);
  54          void AT_CSCA(void);
C51 COMPILER V7.50   GPRS                                                                  03/30/2011 23:21:22 PAGE 2   

  55          void AT_RST(void);
  56          void AT_CREG(void);
  57          void AT_CMGF(void);
  58          void AT_CMGR(void);
  59          void AT_CMGD(void);
  60          unsigned int ReadTemperature(void);
  61          
  62          void Init_T0 (void)   
  63          {           
  64   1          TMOD = 0x21;   
  65   1          TH0 = (65536-10000) /256; 
  66   1          TL0 = (65536-10000) %256;
  67   1          EA = 1;      
  68   1          ET0 = 1;
  69   1          TR0 = 1;      
  70   1      }
  71          void Time0_ISR(void)  interrupt 1    using 0
  72          {  
  73   1       TH0 = (65536-10000) /256; //初始值
  74   1       TL0 = (65536-10000) %256; 
  75   1      C_TEMP++;
  76   1      
  77   1      }
  78          //显示时间和温度
  79          void LCD_SCREEN()
  80          {if(C_TEMP>=90){
  81   2      temp=readtemperature();
*** WARNING C206 IN LINE 81 OF GPRS.C: 'readtemperature': missing function-prototype
  82   2      b=ReadTimeValue(0X81);
  83   2      c=ReadTimeValue(0X83);
  84   2      d=ReadTimeValue(0X85);
  85   2      str0[5]=d/0x10+0x30;
  86   2      str0[6]=d%0x10+0x30;
  87   2      str0[8]=c/0x10+0x30;
  88   2      str0[9]=c%0x10+0x30;
  89   2      str0[11]=b/0x10+0x30;
  90   2      str0[12]=b%0x10+0x30;
  91   2      a=(temp-(temp&10))/10;
  92   2      str1[5]=(a/100)+0x30;
  93   2      str1[6]=(a/10)+0x30;
  94   2      str1[7]=(a%10)+0x30;
  95   2      str1[9]=(temp%10)+0x30;
  96   2      C_TEMP=0;
  97   2      //LCD(str0,str1);
  98   2      }
  99   1      }
 100          /*
 101          uchar code     ATE_OK[16]={"ATE0 OK!        "};
 102          uchar code  ATCMGF_OK[16]={"TEXT MODE OK!   "};
 103          uchar code ATCREG1_OK[16]={"NET CONNECT OK! "};
 104          uchar code ATCREG2_OK[16]={"NET CONNECTING! "};
 105          */
 106          
 107          
 108          
 109          main()
 110          {//P1=0X00;
 111   1      //--------初始化-------------------
 112   1      init_serialcom(); 
 113   1      Init_T0();
 114   1      InitDS1302();
 115   1      //-----------------------------
C51 COMPILER V7.50   GPRS                                                                  03/30/2011 23:21:22 PAGE 3   

 116   1      LCD(str0,GSM_START);
 117   1      delay_GSM(100);
 118   1      IGT=0;
 119   1      delay_GSM(100);
 120   1      IGT=1; 
 121   1      LCD(str0, GSM_START1);
 122   1      delay_GSM(100);
 123   1      TC35_MAX=0;
 124   1      ATE0();
 125   1      delay_GSM(100);
 126   1      LCD(str0, GSM_START2);
 127   1      for(i_TC35=0;i_TC35<=29;i_TC35++)
 128   1      {TC35_RE[i_TC35]=0;}
 129   1      i_TC35_RECE=0;
 130   1      TC35_MAX=0;
 131   1      ATE0();
 132   1      while(1)
 133   1      {
 134   2      //delay_GSM(200);
 135   2      //LCD(str0, ATCREG2_OK);
 136   2      LCD_SCREEN(); 
 137   2      SEND_MESSAGE();
 138   2      }
 139   1      }
 140          
 141          


MODULE INFORMATION:   STATIC OVERLAYABLE
   CODE SIZE        =   1846    ----
   CONSTANT SIZE    =    283    ----
   XDATA SIZE       =   ----    ----
   PDATA SIZE       =   ----    ----
   DATA SIZE        =     79      19
   IDATA SIZE       =   ----    ----
   BIT SIZE         =   ----    ----
END OF MODULE INFORMATION.


C51 COMPILATION COMPLETE.  2 WARNING(S),  0 ERROR(S)
