C51 COMPILER V7.50   GSMPHONE                                                              04/27/2011 21:54:45 PAGE 1   


C51 COMPILER V7.50, COMPILATION OF MODULE GSMPHONE
OBJECT MODULE PLACED IN GSMphone.OBJ
COMPILER INVOKED BY: d:\Keil\C51\BIN\C51.EXE GSMphone.c BROWSE DEBUG OBJECTEXTEND

line level    source

   1          #include <reg52.h>
   2          #include <absacc.h>
   3          #include <stdio.h>
   4          #include <math.h>
   5          #include <stdlib.h>
   6          #include <intrins.h>
   7          #define uint unsigned int
   8          #define uchar unsigned char
   9          #define Phone_connection  1    //正在打电话状态标志
  10          #define Clear_Connect     0    //电话已挂断状态标志
  11          sbit Phone_Call_Key=P1^0;     //打电话按键
  12          sbit Hang_up=P1^1;     //挂电话按键 
  13          
  14          sbit LED0=P0^0;
  15          sbit LED1=P0^1;
  16          sbit LED2=P0^2;
  17          sbit LED3=P0^3;
  18          sbit LED4=P0^4;
  19          sbit LED5=P0^5;
  20          sbit LED6=P0^6;
  21          sbit LED7=P0^7;
  22          
  23          char Calls_State_Flag=Clear_Connect;   //电话状态  
  24          uchar code PhoneCall[]="02228214113";
  25          uchar code ATH[]="ATH";
  26          void delay(uint ms)// 延时子程序
  27          {      
  28   1      uchar i;
  29   1      while(ms--)
  30   1      {
  31   2        for(i=0;i<120;i++);
  32   2      }
  33   1      }
  34          
  35          /*********************************************************** 
  36          函数名称：Print_Char 
  37          函数功能：发送单个字符     
  38                    入口参数:ch      出口参数：无 
  39          ***********************************************************/
  40          void Print_Char(uchar ch)//发送单个字符
  41          {
  42   1      SBUF=ch; //送入缓冲区
  43   1      while(TI==0); //等待发送完毕
  44   1      TI=0; //软件清零
  45   1      }
  46          
  47          /*********************************************************** 
  48          函数名称：Print_Str 
  49          函数功能：发送字符串     
  50                    入口参数:*str    出口参数：无 
  51          ***********************************************************/
  52          Print_Str(uchar *str)//发送字符串
  53          {
  54   1      
  55   1      while(*str!='\0') 
C51 COMPILER V7.50   GSMPHONE                                                              04/27/2011 21:54:45 PAGE 2   

  56   1      {
  57   2      Print_Char(*str++);
  58   2          }
  59   1      
  60   1      }
  61          /*Print_Str(uchar *str,uint len)//发送字符串,调用Send_Char() len字符串长度
  62          {
  63          
  64          while(len--)
  65          {
  66          Print_Char(*str++);
  67              }
  68          
  69          }*/
  70          
  71           
  72          /*********************************************************** 
  73          函数名称：Ini_UART 
  74          函数功能：串口初始化、定时器初始化     
  75                    入口参数:无     出口参数：无 
  76          ***********************************************************/ 
  77          Ini_UART(void)//串口初始化、定时器初始化
  78          {
  79   1      TMOD = 0x20;      //T1方式2,用于UART波特率 
  80   1      TH1 = 0xFD;       //UART波特率设置:9600 
  81   1      TL1 = 0xFD;
  82   1      SCON = 0x50;  ////UART方式1:8位UART;   REN=1:允许接收 
  83   1      PCON = 0x00;
  84   1      
  85   1      TF1 = 1;     // 中断标志位
  86   1      TR1 = 1;    // 启动定时器1    
  87   1      ES=1;       //启动串行口中断
  88   1      ET0=1;      //启动中断功能
  89   1      EA=1;
  90   1      }
  91           
  92          /*********************************************************** 
  93          函数名称：GSM_ATH 
  94          函数功能：挂电话      
  95                    入口参数:无     出口参数：无 
  96          ***********************************************************/ 
  97          void GSM_ATH()   
  98          {   
  99   1           Print_Str(ATH); //发送挂电话指令
 100   1           Print_Str("\r\n");   //发送回车
 101   1            
 102   1           //delay(1000); 
 103   1           //delay(1000); 
 104   1      }  
 105                  
 106          /*********************************************************** 
 107          函数名称：phone 
 108          函数功能：拨打目标电话      
 109                    入口参数:无     出口参数：无 
 110          ***********************************************************/ 
 111          void phone()    //打电话函数
 112          {  
 113   1               Print_Str("ATD");
 114   1           Print_Str(PhoneCall);   //发送打电话指令+目标电话号码
 115   1               Print_Char(';');
 116   1           Print_Str("\r\n");   //发送回车 
 117   1           ES=1;  
C51 COMPILER V7.50   GSMPHONE                                                              04/27/2011 21:54:45 PAGE 3   

 118   1      } 
 119          /*********************************************************** 
 120          函数名称：main
 121          函数功能：主函数
 122          ***********************************************************/ 
 123          void main()
 124          { 
 125   1      Ini_UART(); 
 126   1              
 127   1      while(1)
 128   1      {  
 129   2      
 130   2         if(!Hang_up)  //挂电话按键是否按下
 131   2              {
 132   3                 delay(10); if(!Hang_up)  //挂电话按键是否按下
 133   3              {
 134   4                  GSM_ATH(); //发送挂电话指令 
 135   4                              LED0=1;
 136   4                  delay(2000); 
 137   4                  Calls_State_Flag=Clear_Connect;   
 138   4                }}
 139   2         else if((!Phone_Call_Key)&&(Calls_State_Flag==Clear_Connect))
 140   2              {delay(10);
 141   3                if((!Phone_Call_Key)&&(Calls_State_Flag==Clear_Connect))
 142   3                   {
 143   4                    phone();  //拨打电话
 144   4                     
 145   4                                 LED0=0;
 146   4                    delay(2000); 
 147   4                    Calls_State_Flag=Phone_connection;
 148   4                       }
 149   3                      }   
 150   2                      
 151   2         
 152   2      }
 153   1      }


MODULE INFORMATION:   STATIC OVERLAYABLE
   CODE SIZE        =    216    ----
   CONSTANT SIZE    =     23    ----
   XDATA SIZE       =   ----    ----
   PDATA SIZE       =   ----    ----
   DATA SIZE        =      1       3
   IDATA SIZE       =   ----    ----
   BIT SIZE         =   ----    ----
END OF MODULE INFORMATION.


C51 COMPILATION COMPLETE.  0 WARNING(S),  0 ERROR(S)
