C51 COMPILER V9.51   MAIN                                                                  02/16/2014 22:15:30 PAGE 1   


C51 COMPILER V9.51, COMPILATION OF MODULE MAIN
OBJECT MODULE PLACED IN main.OBJ
COMPILER INVOKED BY: C:\KEIL\C51\BIN\C51.EXE main.c ROM(COMPACT) BROWSE DEBUG OBJECTEXTEND TABS(2)

line level    source

   1          #include"reg52.h"
   2          #include "uart.c"
   3          #include "tc35.c"
   4          
   5          //#define RsBuf_N     50
   6          
   7          //char RsBuf[RsBuf_N];  //定义串口接收数据缓冲区
   8          //uchar RsPoint=0;
   9          
  10          
  11          sbit huang=P2^6;
  12          sbit hong=P2^5;
  13          sbit lv=P2^4;
  14          sbit buzz=P2^2;
  15          sbit jk=P2^1;
  16          
  17          uchar code PhoneNO[]= "00310038003800340035003100340036003700360031";
  18          uchar code Text1[]= "4F60731C6211662F8C01FF1F";
  19          
  20          
  21          
  22          
  23          uchar code center[]="+8613800451500";
  24          
  25          void main()
  26          {
  27   1        Uart_init();
  28   1        
  29   1        SendString("AT+CMGF=1\r\n");  
  30   1        
  31   1        delayms_1000ms();
  32   1        
  33   1        SendString("AT+CSCS=\"UCS2\"\r\n"); 
  34   1        
  35   1        delayms_1000ms();
  36   1        
  37   1        SendString("AT+CSMP=17,0,2,25\r\n");  
  38   1        
  39   1        delayms_1000ms();
  40   1        
  41   1        SendString("AT+CMGS="); //信息发送指令 AT+CMGS=//
  42   1        SendASC('"');
  43   1        SendString(PhoneNO);   
  44   1        SendASC('"');
  45   1        SendASC('\r');      //发送回车指令//
  46   1        SendASC('\n');      //发送回车指令//
  47   1        
  48   1        delayms_1000ms();
  49   1        
  50   1        SendString(Text1);  
  51   1      
  52   1        delayms_1000ms();
  53   1        
  54   1        SendASC(0x1a);    
  55   1        
C51 COMPILER V9.51   MAIN                                                                  02/16/2014 22:15:30 PAGE 2   

  56   1      
  57   1      
  58   1        while(1); 
  59   1      
  60   1       }
  61          
  62           
  63           
  64          
  65          
  66           /*问题：
  67             每次处理完数据。RsPoint是怎样清零的？？？？？在 准备发一个数据，然后接受一个数据 之前
  68             RsBuf[RsPoint++]=SBUF;
  69              RsBuf[RsPoint]=0x00;   //将下一个数据清零
  70          
  71              如果这个发送没问题。加删除，接收函数，参考桌面上的tc35.c
  72          
  73              添加液晶菜单的支持  ，类似手机
  74          */
  75           


MODULE INFORMATION:   STATIC OVERLAYABLE
   CODE SIZE        =    639    ----
   CONSTANT SIZE    =    184    ----
   XDATA SIZE       =   ----    ----
   PDATA SIZE       =   ----    ----
   DATA SIZE        =     51      33
   IDATA SIZE       =   ----    ----
   BIT SIZE         =   ----    ----
END OF MODULE INFORMATION.


C51 COMPILATION COMPLETE.  0 WARNING(S),  0 ERROR(S)
