C51 COMPILER V9.00   喇_确⑸_原理                                                          04/23/2022 12:40:50 PAGE 1   


C51 COMPILER V9.00, COMPILATION OF MODULE 喇_确⑸_原理
OBJECT MODULE PLACED IN .\obj\喇叭发声原理.obj
COMPILER INVOKED BY: D:\tool\Keil_v5_c51_stc\C51\BIN\C51.EXE 喇叭发声原理.c BROWSE DEBUG OBJECTEXTEND PRINT(.\obj\喇叭发
                    -声原理.lst) OBJECT(.\obj\喇叭发声原理.obj)

line level    source

   1          /*-----------------------------------------------
   2            名称：喇叭
   3            论坛：www.doflye.net
   4            编写：shifang
   5            日期：2009.5
   6            修改：无
   7            内容：通过发出一定频率方波，是喇叭发声
   8          ------------------------------------------------*/
   9          #include<reg52.h> //包含头文件，一般情况不需要改动，头文件包含特殊功能寄存器的定义
  10          
  11          sbit SPK=P1^2;    //定义喇叭端口
  12          /*------------------------------------------------
  13                            函数声明
  14          ------------------------------------------------*/
  15          void DelayUs2x(unsigned char t);//函数声明 
  16          void DelayMs(unsigned char t);
  17          /*------------------------------------------------
  18                              主函数
  19          ------------------------------------------------*/
  20          
  21          void Delay100us()               //@11.0592MHz
  22          {
  23   1              unsigned char i, j;
  24   1      
  25   1              i = 2;
  26   1              j = 15;
  27   1              do
  28   1              {
  29   2                      while (--j);
  30   2              } while (--i);
  31   1      }
  32          
  33          void Delay100ms()               //@11.0592MHz
  34          {
  35   1              unsigned char i, j, k;
  36   1      
  37   1              i = 5;
  38   1              j = 52;
  39   1              k = 195;
  40   1              do
  41   1              {
  42   2                      do
  43   2                      {
  44   3                              while (--k);
  45   3                      } while (--j);
  46   2              } while (--i);
  47   1      }
  48          
  49          void Delay1ms()         //@11.0592MHz
  50          {
  51   1              unsigned char i, j;
  52   1      
  53   1              i = 15;
  54   1              j = 90;
C51 COMPILER V9.00   喇_确⑸_原理                                                          04/23/2022 12:40:50 PAGE 2   

  55   1              do
  56   1              {
  57   2                      while (--j);
  58   2              } while (--i);
  59   1      }
  60          
  61          
  62          
  63          
  64          
  65          main()
  66          {
  67   1       while(1)
  68   1            {
  69   2             
  70   2            DelayMs(1); //发出大约500Hz的方波 频率越大声音越尖
  71   2      
  72   2                //Delay1ms();
  73   2      
  74   2                SPK=!SPK;
  75   2                
  76   2                }
  77   1      }
  78          /*------------------------------------------------
  79           uS延时函数，含有输入参数 unsigned char t，无返回值
  80           unsigned char 是定义无符号字符变量，其值的范围是
  81           0~255 这里使用晶振12M，精确延时请使用汇编,大致延时
  82           长度如下 T=tx2+5 uS 
  83          ------------------------------------------------*/
  84          void DelayUs2x(unsigned char t)
  85          {   
  86   1       while(--t);
  87   1      }
  88          /*------------------------------------------------
  89           mS延时函数，含有输入参数 unsigned char t，无返回值
  90           unsigned char 是定义无符号字符变量，其值的范围是
  91           0~255 这里使用晶振12M，精确延时请使用汇编
  92          ------------------------------------------------*/
  93          void DelayMs(unsigned char t)
  94          {
  95   1           
  96   1       while(t--)
  97   1       {
  98   2           //大致延时1mS
  99   2           DelayUs2x(245);
 100   2               DelayUs2x(245);
 101   2       }
 102   1      }


MODULE INFORMATION:   STATIC OVERLAYABLE
   CODE SIZE        =     64    ----
   CONSTANT SIZE    =   ----    ----
   XDATA SIZE       =   ----    ----
   PDATA SIZE       =   ----    ----
   DATA SIZE        =   ----    ----
   IDATA SIZE       =   ----    ----
   BIT SIZE         =   ----    ----
END OF MODULE INFORMATION.


C51 COMPILATION COMPLETE.  0 WARNING(S),  0 ERROR(S)
