C51 COMPILER V9.00   MAIN                                                                  08/02/2017 19:00:50 PAGE 1   


C51 COMPILER V9.00, COMPILATION OF MODULE MAIN
OBJECT MODULE PLACED IN ..\out\main.obj
COMPILER INVOKED BY: C:\Keil\C51\BIN\C51.EXE ..\user\main.c BROWSE DEBUG OBJECTEXTEND PRINT(..\listing\main.lst) OBJECT(
                    -..\out\main.obj)

line level    source

   1          /**********************TS-51A单片机开发板例程************************
   2          *               Copyright (c) 2013,52探索 单片机开发板
   3          *               All rights reserved
   4          *       
   5          *               文件名称：main.c
   6          *               功能描述：nRF24L01例程。
   7          *                                       下载同一个程序到开发板芯片上，按下K1，二个开发板会发出声音。
   8          *                                       按下K2，LED1流水灯发光管会点亮。
   9          * 
  10          *               当前版本：1.1
  11          *               作    者：52探索
  12          *       完成日期：2013-5-29
  13          *               修改日期：2013-9-15
  14          *
  15          *               取代版本：1.0
  16          *       改进内容：修改nRF24L01管脚定义
  17          *
  18          *               使用环境：TS-51A开发板 + STC89C52 + 11.0592M晶振 + Keil C51 V9.0 
  19          *       
  20          *               淘宝地址：http://shop104208028.taobao.com/
  21          *               QQ      : 10903659
  22          *               QQ群    ：336397723  336398729   336398900
  23          ******************************************************************/
  24          
  25          #include ".\\nRF24L01\\nRF24L01.h"
  26          #include "def.h"
  27          
  28          void Delay(unsigned int s)
  29          {
  30   1              unsigned int i;
  31   1              for(i=0; i<s; i++);
  32   1              for(i=0; i<s; i++);
  33   1      }
  34          
  35          
  36          void main(void)
  37          {
  38   1              unsigned char leng =0;
  39   1              unsigned char tf =0;
  40   1              unsigned char TxBuf[20]={0};     // 
  41   1              unsigned char RxBuf[20]={0};    
  42   1      
  43   1          init_io() ;
  44   1      
  45   1              BEEP = 0;
  46   1              LED2 = 0;
  47   1              //TxBuf[0] = 8 ;
  48   1              TxBuf[1] = 1 ;
  49   1              TxBuf[2] = 1 ;
  50   1              nRF24L01_TxPacket(TxBuf);       // Transmit Tx buffer data
  51   1              Delay(6000);
  52   1              BEEP = 1;
  53   1          LED2 = 1;
  54   1      
C51 COMPILER V9.00   MAIN                                                                  08/02/2017 19:00:50 PAGE 2   

  55   1              while(1)
  56   1              {
  57   2                  //SetRX_Mode();
  58   2              if(K1 ==0 ) 
  59   2                      {
  60   3                              BEEP = 0; 
  61   3                          TxBuf[1] = 1 ;
  62   3                          tf = 1 ; 
  63   3                              //while(KEY1 ==0);
  64   3                  }
  65   2                 if(K2 ==0 )
  66   2                 {
  67   3                              LED2 = 0;
  68   3                              TxBuf[2] = 1 ;
  69   3                              tf = 1 ; 
  70   3                              //while(KEY2 ==0);
  71   3                 }
  72   2      
  73   2                 if (tf==1)
  74   2             {        
  75   3                              nRF24L01_TxPacket(TxBuf);       // Transmit Tx buffer data
  76   3                              TxBuf[1] = 0x00;
  77   3                              TxBuf[2] = 0x00;
  78   3                              tf=0;
  79   3                              Delay(1000);
  80   3                              BEEP = 1;
  81   3                              LED2 = 1;
  82   3      
  83   3                              //setRxMode();
  84   3                 }
  85   2      
  86   2                      SetRX_Mode();
  87   2                      if(nRF24L01_RxPacket(RxBuf))
  88   2                      {
  89   3                                                      
  90   3                              if(     RxBuf[1]==1)
  91   3                              {               
  92   4                                      BEEP = 0;
  93   4                              }
  94   3                              if(     RxBuf[2]==1)
  95   3                              {
  96   4                                      LED2 = 0;
  97   4                              }
  98   3                              Delay(1000);
  99   3                              BEEP = 1;
 100   3                              LED2 = 1;
 101   3                      }
 102   2      
 103   2                      RxBuf[1] = 0x00;
 104   2                      RxBuf[2] = 0x00;
 105   2              }
 106   1              
 107   1      }


MODULE INFORMATION:   STATIC OVERLAYABLE
   CODE SIZE        =    210    ----
   CONSTANT SIZE    =     40    ----
   XDATA SIZE       =   ----    ----
   PDATA SIZE       =   ----    ----
   DATA SIZE        =   ----      42
   IDATA SIZE       =   ----    ----
C51 COMPILER V9.00   MAIN                                                                  08/02/2017 19:00:50 PAGE 3   

   BIT SIZE         =   ----    ----
END OF MODULE INFORMATION.


C51 COMPILATION COMPLETE.  0 WARNING(S),  0 ERROR(S)
