C51 COMPILER V9.00   2402存储一个数据                                                      04/06/2022 23:46:53 PAGE 1   


C51 COMPILER V9.00, COMPILATION OF MODULE 2402存储一个数据
OBJECT MODULE PLACED IN .\obj\2402存储一个数据.obj
COMPILER INVOKED BY: D:\tool\Keil_v5_c51_stc\C51\BIN\C51.EXE 2402存储一个数据.c BROWSE DEBUG OBJECTEXTEND PRINT(.\obj\24
                    -02存储一个数据.lst) OBJECT(.\obj\2402存储一个数据.obj)

line level    source

   1          /*-----------------------------------------------
   2            名称：IIC协议 EEPROM24c02 存数读取数据
   3            论坛：www.doflye.net
   4            编写：shifang
   5            修改：无
   6            内容：此程序用于检测EEPROM性能，测试方法如下：写入24c02一个数据，然后在内存中改变这些数据，
   7                  掉电后主内存将失去这些信息，然后从24c02中调入这些数据。看是否与写入的相同。这里用8个LED演示
   8                          函数是采用软件延时的方法产生SCL脉冲,固对高晶振频率要作 一定的修改....(本例是1us机器
   9                          周期,即晶振频率要小于12MHZ)
  10          ------------------------------------------------*/  
  11            
  12                        
  13          #include <reg52.h>          //头文件的包含
  14          #include <intrins.h>
  15          
  16          #define  _Nop()  _nop_()        //定义空指令
  17          
  18          // 常,变量定义区
  19          
  20                                                        
  21          sbit SDA=P2^1;            //模拟I2C数据传送位
  22          sbit SCL=P2^0;            //模拟I2C时钟控制位
  23          
  24                                    
  25          bit ack;                      //应答标志位
  26             
  27          
  28          void DelayUs2x(unsigned char t);//函数声明 
  29          void DelayMs(unsigned char t);
  30          
  31          /*------------------------------------------------
  32           uS延时函数，含有输入参数 unsigned char t，无返回值
  33           unsigned char 是定义无符号字符变量，其值的范围是
  34           0~255 这里使用晶振12M，精确延时请使用汇编,大致延时
  35           长度如下 T=tx2+5 uS 
  36          ------------------------------------------------*/
  37          void DelayUs2x(unsigned char t)
  38          {   
  39   1       while(--t);
  40   1      }
  41          /*------------------------------------------------
  42           mS延时函数，含有输入参数 unsigned char t，无返回值
  43           unsigned char 是定义无符号字符变量，其值的范围是
  44           0~255 这里使用晶振12M，精确延时请使用汇编
  45          ------------------------------------------------*/
  46          void DelayMs(unsigned char t)
  47          {
  48   1           
  49   1       while(t--)
  50   1       {
  51   2           //大致延时1mS
  52   2           DelayUs2x(245);
  53   2               DelayUs2x(245);
  54   2       }
C51 COMPILER V9.00   2402存储一个数据                                                      04/06/2022 23:46:53 PAGE 2   

  55   1      }
  56          
  57          /*------------------------------------------------
  58                              启动总线
  59          ------------------------------------------------*/
  60          void Start_I2c()
  61          {
  62   1        SDA=1;   //发送起始条件的数据信号
  63   1        _Nop();
  64   1        SCL=1;
  65   1        _Nop();    //起始条件建立时间大于4.7us,延时
  66   1        _Nop();
  67   1        _Nop();
  68   1        _Nop();
  69   1        _Nop();    
  70   1        SDA=0;     //发送起始信号
  71   1        _Nop();    //起始条件锁定时间大于4μ
  72   1        _Nop();
  73   1        _Nop();
  74   1        _Nop();
  75   1        _Nop();       
  76   1        SCL=0;    //钳住I2C总线，准备发送或接收数据
  77   1        _Nop();
  78   1        _Nop();
  79   1      }
  80          /*------------------------------------------------
  81                              结束总线
  82          ------------------------------------------------*/
  83          void Stop_I2c()
  84          {
  85   1        SDA=0;    //发送结束条件的数据信号
  86   1        _Nop();   //发送结束条件的时钟信号
  87   1        SCL=1;    //结束条件建立时间大于4μ
  88   1        _Nop();
  89   1        _Nop();
  90   1        _Nop();
  91   1        _Nop();
  92   1        _Nop();
  93   1        SDA=1;    //发送I2C总线结束信号
  94   1        _Nop();
  95   1        _Nop();
  96   1        _Nop();
  97   1        _Nop();
  98   1      }
  99          
 100          
 101          
 102          
 103          /*----------------------------------------------------------------
 104                           字节数据传送函数               
 105          函数原型: void  SendByte(unsigned char c);
 106          功能:  将数据c发送出去,可以是地址,也可以是数据,发完后等待应答,并对
 107               此状态位进行操作.(不应答或非应答都使ack=0 假)     
 108               发送数据正常，ack=1; ack=0表示被控器无应答或损坏。
 109          ------------------------------------------------------------------*/
 110          void  SendByte(unsigned char c)
 111          {
 112   1       unsigned char BitCnt;
 113   1       
 114   1       for(BitCnt=0;BitCnt<8;BitCnt++)  //要传送的数据长度为8位
 115   1          {
 116   2           if((c<<BitCnt)&0x80)SDA=1;   //判断发送位
C51 COMPILER V9.00   2402存储一个数据                                                      04/06/2022 23:46:53 PAGE 3   

 117   2             else  SDA=0;                
 118   2           _Nop();
 119   2           SCL=1;               //置时钟线为高，通知被控器开始接收数据位
 120   2            _Nop(); 
 121   2            _Nop();             //保证时钟高电平周期大于4μ
 122   2            _Nop();
 123   2            _Nop();
 124   2            _Nop();         
 125   2           SCL=0; 
 126   2          }
 127   1          
 128   1          _Nop();
 129   1          _Nop();
 130   1          SDA=1;               //8位发送完后释放数据线，准备接收应答位
 131   1          _Nop();
 132   1          _Nop();   
 133   1          SCL=1;
 134   1          _Nop();
 135   1          _Nop();
 136   1          _Nop();
 137   1          if(SDA==1)ack=0;     
 138   1             else ack=1;        //判断是否接收到应答信号
 139   1          SCL=0;
 140   1          _Nop();
 141   1          _Nop();
 142   1      }
 143          
 144          
 145          
 146          
 147          
 148          
 149          
 150          /*----------------------------------------------------------------
 151                           字节数据传送函数               
 152          函数原型: unsigned char  RcvByte();
 153          功能:  用来接收从器件传来的数据,并判断总线错误(不发应答信号)，
 154               发完后请用应答函数。  
 155          ------------------------------------------------------------------*/    
 156          unsigned char  RcvByte()
 157          {
 158   1        unsigned char retc;
 159   1        unsigned char BitCnt;
 160   1        
 161   1        retc=0; 
 162   1        SDA=1;             //置数据线为输入方式
 163   1        for(BitCnt=0;BitCnt<8;BitCnt++)
 164   1            {
 165   2              _Nop();           
 166   2              SCL=0;       //置时钟线为低，准备接收数据位
 167   2              _Nop();
 168   2              _Nop();      //时钟低电平周期大于4.7us
 169   2              _Nop();
 170   2              _Nop();
 171   2              _Nop();
 172   2              SCL=1;       //置时钟线为高使数据线上数据有效
 173   2              _Nop();
 174   2              _Nop();
 175   2              retc=retc<<1;
 176   2              if(SDA==1)retc=retc+1; //读数据位,接收的数据位放入retc中
 177   2              _Nop();
 178   2              _Nop(); 
C51 COMPILER V9.00   2402存储一个数据                                                      04/06/2022 23:46:53 PAGE 4   

 179   2            }
 180   1        SCL=0;    
 181   1        _Nop();
 182   1        _Nop();
 183   1        return(retc);
 184   1      }
 185          
 186          
 187          
 188          /*----------------------------------------------------------------
 189                               应答子函数
 190          原型:  void Ack_I2c(void);
 191           
 192          ----------------------------------------------------------------*/
 193          void Ack_I2c(void)
 194          {
 195   1        
 196   1        SDA=0;     
 197   1        _Nop();
 198   1        _Nop();
 199   1        _Nop();      
 200   1        SCL=1;
 201   1        _Nop();
 202   1        _Nop();              //时钟低电平周期大于4μ
 203   1        _Nop();
 204   1        _Nop();
 205   1        _Nop();  
 206   1        SCL=0;               //清时钟线，钳住I2C总线以便继续接收
 207   1        _Nop();
 208   1        _Nop();    
 209   1      }
 210          /*----------------------------------------------------------------
 211                               非应答子函数
 212          原型:  void NoAck_I2c(void);
 213           
 214          ----------------------------------------------------------------*/
 215          void NoAck_I2c(void)
 216          {
 217   1        
 218   1        SDA=1;
 219   1        _Nop();
 220   1        _Nop();
 221   1        _Nop();      
 222   1        SCL=1;
 223   1        _Nop();
 224   1        _Nop();              //时钟低电平周期大于4μ
 225   1        _Nop();
 226   1        _Nop();
 227   1        _Nop();  
 228   1        SCL=0;                //清时钟线，钳住I2C总线以便继续接收
 229   1        _Nop();
 230   1        _Nop();    
 231   1      }
 232          
 233          
 234          
 235          
 236          
 237          
 238          /*----------------------------------------------------------------
 239                              向无子地址器件发送字节数据函数               
 240          函数原型: bit  ISendByte(unsigned char sla,ucahr c);  
C51 COMPILER V9.00   2402存储一个数据                                                      04/06/2022 23:46:53 PAGE 5   

 241          功能:     从启动总线到发送地址，数据，结束总线的全过程,从器件地址sla.
 242                     如果返回1表示操作成功，否则操作有误。
 243          注意：    使用前必须已结束总线。
 244          ----------------------------------------------------------------*/
 245          /*bit ISendByte(unsigned char sla,unsigned char c)
 246          {
 247             Start_I2c();               //启动总线
 248             SendByte(sla);             //发送器件地址
 249               if(ack==0)return(0);
 250             SendByte(c);               //发送数据
 251               if(ack==0)return(0);
 252            Stop_I2c();                 //结束总线
 253            return(1);
 254          }
 255          */
 256          
 257          /*----------------------------------------------------------------
 258                              向有子地址器件发送多字节数据函数               
 259          函数原型: bit  ISendStr(unsigned char sla,unsigned char suba,ucahr *s,unsigned char no);  
 260          功能:     从启动总线到发送地址，子地址,数据，结束总线的全过程,从器件
 261                    地址sla，子地址suba，发送内容是s指向的内容，发送no个字节。
 262                     如果返回1表示操作成功，否则操作有误。
 263          注意：    使用前必须已结束总线。
 264          ----------------------------------------------------------------*/
 265          bit ISendStr(unsigned char sla,unsigned char suba,unsigned char *s,unsigned char no)
 266          {
 267   1         unsigned char i;
 268   1      
 269   1         Start_I2c();               //启动总线
 270   1         SendByte(sla);             //发送器件地址
 271   1           if(ack==0)return(0);
 272   1         SendByte(suba);            //发送器件子地址
 273   1           if(ack==0)return(0);
 274   1      
 275   1         for(i=0;i<no;i++)
 276   1          {   
 277   2           SendByte(*s);            //发送数据
 278   2             if(ack==0)return(0);
 279   2           s++;
 280   2          } 
 281   1       Stop_I2c();                  //结束总线
 282   1        return(1);
 283   1      }
 284          
 285          /*----------------------------------------------------------------
 286                              向无子地址器件读字节数据函数               
 287          函数原型: bit  IRcvByte(unsigned char sla,ucahr *c);  
 288          功能:     从启动总线到发送地址，读数据，结束总线的全过程,从器件地
 289                    址sla，返回值在c.
 290                     如果返回1表示操作成功，否则操作有误。
 291          注意：    使用前必须已结束总线。
 292          ----------------------------------------------------------------*/
 293          /*bit IRcvByte(unsigned char sla,unsigned char *c)
 294          {
 295             Start_I2c();                //启动总线
 296             SendByte(sla+1);            //发送器件地址
 297               if(ack==0)return(0);
 298             *c=RcvByte();               //读取数据
 299               NoAck_I2c();              //发送非就答位
 300               Stop_I2c();               //结束总线
 301            return(1);
 302          }
C51 COMPILER V9.00   2402存储一个数据                                                      04/06/2022 23:46:53 PAGE 6   

 303          
 304          */
 305          /*----------------------------------------------------------------
 306                              向有子地址器件读取多字节数据函数               
 307          函数原型: bit  ISendStr(unsigned char sla,unsigned char suba,ucahr *s,unsigned char no);  
 308          功能:     从启动总线到发送地址，子地址,读数据，结束总线的全过程,从器件
 309                    地址sla，子地址suba，读出的内容放入s指向的存储区，读no个字节。
 310                     如果返回1表示操作成功，否则操作有误。
 311          注意：    使用前必须已结束总线。
 312          ----------------------------------------------------------------*/
 313          bit IRcvStr(unsigned char sla,unsigned char suba,unsigned char *s,unsigned char no)
 314          {
 315   1         unsigned char i;
 316   1      
 317   1         Start_I2c();               //启动总线
 318   1         SendByte(sla);             //发送器件地址
 319   1           if(ack==0)return(0);
 320   1         SendByte(suba);            //发送器件子地址
 321   1           if(ack==0)return(0);
 322   1      
 323   1         Start_I2c();
 324   1         SendByte(sla+1);
 325   1            if(ack==0)return(0);
 326   1      
 327   1         for(i=0;i<no-1;i++)
 328   1          {   
 329   2           *s=RcvByte();              //发送数据
 330   2            Ack_I2c();                //发送就答位 
 331   2           s++;
 332   2          } 
 333   1         *s=RcvByte();
 334   1          NoAck_I2c();                 //发送非应位
 335   1         Stop_I2c();                    //结束总线
 336   1        return(1);
 337   1      }
 338          /*------------------------------------------------
 339                              主函数
 340          ------------------------------------------------*/
 341          void main()
 342                  {
 343   1               unsigned char doflye;       // 定义临时变量
 344   1               unsigned char i;
 345   1               
 346   1               IRcvStr(0xae,4,&doflye,1);  //调用存储数据
 347   1               
 348   1               while(1)
 349   1                    {  
 350   2                        P1=doflye;             //数值用二进制显示，直接用8个LED表示
 351   2                for(i=0;i<5;i++)   
 352   2                    DelayMs(200);
 353   2                doflye++;              //1s钟变量自加1，改变值后存储到24c02
 354   2                                       //下次开机时将显示当前数值
 355   2                ISendStr(0xae,4,&doflye,1); //写入24c02
 356   2                        }
 357   1       }
 358          
 359          
 360          
 361          


MODULE INFORMATION:   STATIC OVERLAYABLE
C51 COMPILER V9.00   2402存储一个数据                                                      04/06/2022 23:46:53 PAGE 7   

   CODE SIZE        =    384    ----
   CONSTANT SIZE    =   ----    ----
   XDATA SIZE       =   ----    ----
   PDATA SIZE       =   ----    ----
   DATA SIZE        =   ----      13
   IDATA SIZE       =   ----    ----
   BIT SIZE         =      1    ----
END OF MODULE INFORMATION.


C51 COMPILATION COMPLETE.  0 WARNING(S),  0 ERROR(S)
