C51 COMPILER V9.00   MAIN                                                                  04/20/2022 23:30:34 PAGE 1   


C51 COMPILER V9.00, COMPILATION OF MODULE MAIN
OBJECT MODULE PLACED IN .\OBJ\main.obj
COMPILER INVOKED BY: D:\tool\Keil_v5_c51_stc\C51\BIN\C51.EXE main.c BROWSE DEBUG OBJECTEXTEND PRINT(.\LIST\main.lst) OBJ
                    -ECT(.\OBJ\main.obj)

line level    source

   1          
   2           #include <reg52.h>
   3           #include <stdio.h>
   4           #include <math.h>
   5           #include "1602.h"
   6           #include "delay.h"
   7          
   8           sbit TRIG = P1^0 ;
   9           sbit ECHO = P1^1 ;
  10          
  11           unsigned char DisTempData[16];
  12          
  13          /*------------------------------------------------
  14                              定时器0初始化
  15          ------------------------------------------------*/
  16          void TIM0init(void)
  17          {
  18   1      
  19   1        TMOD|= 0x01;//定时器0工作方式1
  20   1        TH0=0x00;    
  21   1        TL0=0x00; 
  22   1        ET0=1;
  23   1        EA=1;
  24   1      }
  25          /*------------------------------------------------
  26                              主函数
  27          ------------------------------------------------*/
  28          main()
  29          {
  30   1        float S;       //距离变量
  31   1        TIM0init();    //初始化定时器0
  32   1        LCD_Init();    //初始化LCD
  33   1        LCD_Write_String(0,1,"LY-UR04 demo");
  34   1        while(1)
  35   1        {
  36   2      
  37   2         TRIG=1;       //触发信号是高电平脉冲，宽度大于10us
  38   2         DelayUs2x(10);
  39   2         TRIG=0;
  40   2         while(!ECHO); //等待高电平
  41   2         TR0=1;
  42   2         while(ECHO);  //等待低电平
  43   2         TR0=0;
  44   2         S=TH0*256+TL0;//取出定时器值高8位和低8位合并
  45   2         S=S/58;       //为什么除以58等于厘米，  Y米=（X秒*344）/2
  46   2                                   // X秒=（ 2*Y米）/344 -> X秒=0.0058*Y米 -> 厘米=微秒/58 
  47   2         TH0=0;
  48   2         TL0=0;        //清除定时器0寄存器中的值
  49   2         sprintf(DisTempData,"S=%6.2f CM     ",S);//打印输出结果
  50   2         LCD_Write_String(0,0,DisTempData);       //在液晶屏上显示
  51   2         DelayMs(250);                            //延时决定采样速度
  52   2            
  53   2        }
  54   1       }
C51 COMPILER V9.00   MAIN                                                                  04/20/2022 23:30:34 PAGE 2   

  55          
  56          /*------------------------------------------------
  57                           定时器中断子程序
  58          ------------------------------------------------*/
  59          void Timer0_isr(void) interrupt 1
  60          {
  61   1       ECHO=0;
  62   1      }


MODULE INFORMATION:   STATIC OVERLAYABLE
   CODE SIZE        =    151    ----
   CONSTANT SIZE    =     29    ----
   XDATA SIZE       =   ----    ----
   PDATA SIZE       =   ----    ----
   DATA SIZE        =     16       4
   IDATA SIZE       =   ----    ----
   BIT SIZE         =   ----    ----
END OF MODULE INFORMATION.


C51 COMPILATION COMPLETE.  0 WARNING(S),  0 ERROR(S)
