C51 COMPILER V8.02   UART                                                                  12/31/2010 18:08:09 PAGE 1   


C51 COMPILER V8.02, COMPILATION OF MODULE UART
OBJECT MODULE PLACED IN UART.OBJ
COMPILER INVOKED BY: C:\Keil\C51\BIN\C51.EXE UART.C LARGE BROWSE DEBUG OBJECTEXTEND

line level    source

   1          #include "STC5A60S2.H"
   2          #include <intrins.h>
   3          #include <string.h>
   4          void _delay_us(unsigned int _us)
   5          {
   6   1        char a=0;
   7   1        for(_us;_us;_us--)
   8   1         for(a=0;a<1;a++);
   9   1      }
  10          
  11          void _delay_ms(unsigned int _ms)
  12          {
  13   1        for(_ms;_ms;_ms--)
  14   1        {
  15   2          _delay_us(1000);
  16   2        }
  17   1      }
  18          
  19          //³õÊ¼»¯CPU
  20          
  21          
  22          void init_cpu(void)
  23          {
  24   1      
  25   1      
  26   1        SCON=0X50;
  27   1        BRT= 250;
  28   1        AUXR=0X15;
  29   1        AUXR1=0X80;
  30   1        
  31   1        //ES=1;
  32   1      
  33   1      
  34   1        S2CON=0X50;
  35   1        IE2=0X01;//ES2=1
  36   1      
  37   1        EA=1;
  38   1       // GsmType = GSM_TYPE;
  39   1          
  40   1      }
  41          
  42          
  43          void rec_from_s2()interrupt 8
  44          {
  45   1        unsigned char k=0;
  46   1        unsigned char rcv,isSave;
  47   1      
  48   1        k=S2CON;
  49   1        k=k&0x01;
  50   1        if(k==0x01)
  51   1        {
  52   2         isSave = 1;
  53   2         rcv = S2BUF;
  54   2         if(isSave == 1)
  55   2          {
C51 COMPILER V8.02   UART                                                                  12/31/2010 18:08:09 PAGE 2   

  56   3            ;
  57   3          }
  58   2         S2CON=S2CON&0XFE;
  59   2        }
  60   1        else
  61   1        {
  62   2         S2CON=S2CON&0XFD;
  63   2        }
  64   1      }
  65          
  66          
  67          
  68          void TxData (unsigned char JK)
  69          {       ES=0;
  70   1          TI=0;
  71   1              SBUF=JK;
  72   1              while(TI==0);
  73   1              TI=0;
  74   1              ES=1;
  75   1      }
  76          
  77          
  78          void com_printf(unsigned char *pc,unsigned ass)
  79          {
  80   1      
  81   1        char temp_str[10];
  82   1        char s [40];
  83   1        char *ptr=s;
  84   1      
  85   1        temp_str[0]=(ass/10000)+0x30;
  86   1        temp_str[1]=((ass%10000)/1000)+0x30;
  87   1        temp_str[2]=((ass%1000)/100)+0x30;
  88   1        temp_str[3]=((ass%100)/10)+0x30;
  89   1        temp_str[4]=((ass%10)/1)+0x30;
  90   1        temp_str[5]=0;
  91   1      
  92   1        strcpy (s, pc);
  93   1      
  94   1        strcat (s, temp_str);
  95   1      
  96   1        strcat (s, "\n");
  97   1      
  98   1        ES=0;
  99   1        while(*ptr)
 100   1        {
 101   2          TI=0;
 102   2              SBUF=*ptr;
 103   2              while(TI==0);
 104   2              TI=0;
 105   2              ptr++;
 106   2        }
 107   1        ES=1;
 108   1          
 109   1      }
 110          
 111          void Wait(unsigned int t)
 112          {
 113   1         unsigned int tt;
 114   1              tt = t;
 115   1          while(tt >= 30 )
 116   1          {
 117   2              _delay_ms(30);
C51 COMPILER V8.02   UART                                                                  12/31/2010 18:08:09 PAGE 3   

 118   2              tt -= 30 ;
 119   2          }
 120   1          if(tt > 0) _delay_ms(tt);
 121   1      }
 122          
 123          


MODULE INFORMATION:   STATIC OVERLAYABLE
   CODE SIZE        =    473    ----
   CONSTANT SIZE    =      2    ----
   XDATA SIZE       =   ----      62
   PDATA SIZE       =   ----    ----
   DATA SIZE        =   ----    ----
   IDATA SIZE       =   ----    ----
   BIT SIZE         =   ----    ----
END OF MODULE INFORMATION.


C51 COMPILATION COMPLETE.  0 WARNING(S),  0 ERROR(S)
