C51 COMPILER V9.51   MAIN                                                                  11/16/2014 21:18:04 PAGE 1   


C51 COMPILER V9.51, COMPILATION OF MODULE MAIN
OBJECT MODULE PLACED IN main.OBJ
COMPILER INVOKED BY: C:\Keil\C51\BIN\C51.EXE main.c ROM(COMPACT) BROWSE DEBUG OBJECTEXTEND TABS(2)

line level    source

   1          #include"reg52.h"
   2          #include "uart.c"
   3          #include "tc35.c"
   4          
   5          
   6          void main()
   7          {
   8   1        Uart_init();
   9   1        while(1)
  10   1        {
  11   2        
  12   2          SendString("ATD18845146761;\r\n");  //这里改成你的手机号码，ATDXXXXXXXXXX; XXXXXXXXXX替换你的手机号
  13   2          
  14   2          
  15   2          delayms_1000ms();
  16   2          delayms_1000ms();
  17   2          delayms_1000ms();
  18   2          delayms_1000ms();
  19   2          delayms_1000ms();
  20   2          
  21   2          SendString("ATH\r\n");
  22   2          
  23   2              
  24   2          delayms_1000ms();
  25   2          delayms_1000ms();
  26   2          delayms_1000ms();
  27   2          delayms_1000ms();
  28   2          delayms_1000ms(); 
  29   2        }
  30   1      
  31   1       }


MODULE INFORMATION:   STATIC OVERLAYABLE
   CODE SIZE        =    601    ----
   CONSTANT SIZE    =     74    ----
   XDATA SIZE       =   ----    ----
   PDATA SIZE       =   ----    ----
   DATA SIZE        =     51      33
   IDATA SIZE       =   ----    ----
   BIT SIZE         =   ----    ----
END OF MODULE INFORMATION.


C51 COMPILATION COMPLETE.  0 WARNING(S),  0 ERROR(S)
