C51 COMPILER V9.00   步_电_正反转                                                        04/03/2022 23:09:58 PAGE 1   


C51 COMPILER V9.00, COMPILATION OF MODULE 步_电_正反转
OBJECT MODULE PLACED IN .\obj\步进电机正反转.obj
COMPILER INVOKED BY: D:\tool\Keil_v5_c51_stc\C51\BIN\C51.EXE 步进电机正反转.c BROWSE DEBUG OBJECTEXTEND PRINT(.\obj\步进
                    -电机正反转.lst) OBJECT(.\obj\步进电机正反转.obj)

line level    source

   1          /*-----------------------------------------------
   2            名称：步进电机
   3            论坛：www.doflye.net
   4            编写：shifang
   5            日期：2009.5
   6            修改：无
   7            内容：本程序用于测试4相步进电机常规驱动 含正反转 使用1相励磁
   8                  
   9          
  10           ------------------------------------------------*/
  11          
  12          #include <reg52.h>
  13          
  14          
  15          
  16          sbit A1=P1^0; //定义步进电机连接端口
  17          sbit B1=P1^1;
  18          sbit C1=P1^2;
  19          sbit D1=P1^3;
  20          
  21          
  22          #define Coil_A1 {A1=1;B1=0;C1=0;D1=0;}//A相通电，其他相断电
  23          #define Coil_B1 {A1=0;B1=1;C1=0;D1=0;}//B相通电，其他相断电
  24          #define Coil_C1 {A1=0;B1=0;C1=1;D1=0;}//C相通电，其他相断电
  25          #define Coil_D1 {A1=0;B1=0;C1=0;D1=1;}//D相通电，其他相断电
  26          #define Coil_AB1 {A1=1;B1=1;C1=0;D1=0;}//AB相通电，其他相断电
  27          #define Coil_BC1 {A1=0;B1=1;C1=1;D1=0;}//BC相通电，其他相断电
  28          #define Coil_CD1 {A1=0;B1=0;C1=1;D1=1;}//CD相通电，其他相断电
  29          #define Coil_DA1 {A1=1;B1=0;C1=0;D1=1;}//D相通电，其他相断电
  30          #define Coil_OFF {A1=0;B1=0;C1=0;D1=0;}//全部断电
  31          
  32          unsigned char Speed;
  33          /*------------------------------------------------
  34           uS延时函数，含有输入参数 unsigned char t，无返回值
  35           unsigned char 是定义无符号字符变量，其值的范围是
  36           0~255 这里使用晶振12M，精确延时请使用汇编,大致延时
  37           长度如下 T=tx2+5 uS 
  38          ------------------------------------------------*/
  39          void DelayUs2x(unsigned char t)
  40          {   
  41   1       while(--t);
  42   1      }
  43          /*------------------------------------------------
  44           mS延时函数，含有输入参数 unsigned char t，无返回值
  45           unsigned char 是定义无符号字符变量，其值的范围是
  46           0~255 这里使用晶振12M，精确延时请使用汇编
  47          ------------------------------------------------*/
  48          void DelayMs(unsigned char t)
  49          {
  50   1           
  51   1       while(t--)
  52   1       {
  53   2           //大致延时1mS
  54   2           DelayUs2x(245);
C51 COMPILER V9.00   步_电_正反转                                                        04/03/2022 23:09:58 PAGE 2   

  55   2               DelayUs2x(245);
  56   2       }
  57   1      }
  58          
  59          
  60          
  61          void Delay1ms()         //@11.0592MHz
  62          {
  63   1              unsigned char i, j;
  64   1      
  65   1              i = 15;
  66   1              j = 90;
  67   1              do
  68   1              {
  69   2                      while (--j);
  70   2              } while (--i);
  71   1      }
  72          void Delay200us()               //@11.0592MHz
  73          {
  74   1              unsigned char i, j;
  75   1      
  76   1              i = 3;
  77   1              j = 221;
  78   1              do
  79   1              {
  80   2                      while (--j);
  81   2              } while (--i);
  82   1      }
  83          
  84          void DelayUs(unsigned char t)
  85          {
  86   1       while(t--)
  87   1       {
  88   2           Delay200us();
  89   2       }
  90   1      }
  91          void DelayMs2(unsigned char t)
  92          {
  93   1       while(t--)
  94   1       {
  95   2           Delay1ms();
  96   2       }
  97   1      }
  98          
  99          /*------------------------------------------------
 100                              主函数
 101          ------------------------------------------------*/
 102          main()
 103          {
 104   1      
 105   1      while(1){
 106   2      
 107   2       unsigned int i=512;//旋转一周时间
 108   2       Speed=10;
 109   2       Coil_OFF
 110   2       while(i--)  //正向
 111   2        {         
 112   3           Coil_A1                //遇到Coil_A1  用{A1=1;B1=0;C1=0;D1=0;}代替
 113   3           DelayUs(Speed);         //改变这个参数可以调整电机转速 ,
 114   3                                   //数字越小，转速越大,力矩越小
 115   3           Coil_B1
 116   3           DelayUs(Speed);
C51 COMPILER V9.00   步_电_正反转                                                        04/03/2022 23:09:58 PAGE 3   

 117   3           Coil_C1
 118   3           DelayUs(Speed);
 119   3           Coil_D1
 120   3           DelayUs(Speed);
 121   3        }
 122   2        Coil_OFF
 123   2        i=512;
 124   2        while(i--)//反向
 125   2        {
 126   3           Coil_D1                //遇到Coil_A1  用{A1=1;B1=0;C1=0;D1=0;}代替
 127   3           DelayUs(Speed);         //改变这个参数可以调整电机转速 ,
 128   3                                       //数字越小，转速越大,力矩越小
 129   3      
 130   3           Coil_C1
 131   3           DelayUs(Speed);
 132   3      
 133   3           Coil_B1
 134   3           DelayUs(Speed);
 135   3      
 136   3           Coil_A1
 137   3           DelayUs(Speed);
 138   3        }
 139   2      
 140   2      }
 141   1      }


MODULE INFORMATION:   STATIC OVERLAYABLE
   CODE SIZE        =    208    ----
   CONSTANT SIZE    =   ----    ----
   XDATA SIZE       =   ----    ----
   PDATA SIZE       =   ----    ----
   DATA SIZE        =      1       2
   IDATA SIZE       =   ----    ----
   BIT SIZE         =   ----    ----
END OF MODULE INFORMATION.


C51 COMPILATION COMPLETE.  0 WARNING(S),  0 ERROR(S)
