C51 COMPILER V7.50   GPRS                                                                  04/27/2011 09:33:06 PAGE 1   


C51 COMPILER V7.50, COMPILATION OF MODULE GPRS
OBJECT MODULE PLACED IN GPRS.OBJ
COMPILER INVOKED BY: d:\Keil\C51\BIN\C51.EXE GPRS.C BROWSE DEBUG OBJECTEXTEND

line level    source

   1          #include<reg52.h>
   2          #include<absacc.h>
   3          #include<stdio.h>
   4          #include"code\ds1302.h"
   5          #include"code\ds18b20.h"
   6          #include"code\1602.h"
*** WARNING C259 IN LINE 110 OF CODE\1602.H: pointer: different mspace
   7          #include"code\12864.h"
   8          #define uint unsigned int
   9          #define uchar unsigned char
  10          #define LCD_SELECT 0x01
  11          #define RST      0X01
  12          #define CMGF     0X02
  13          #define CMGD     0X03
  14          #define CREG     0X04
  15          #define CMGR     0X05
  16          #define CMGS     0X06
  17          #define CSCA     0X07
  18          #define ATDAT    0X08
  19          #define TC35RET  0X00
  20          sbit IGT=P1^3;
  21          sbit RELAY=P1^1;
  22          sbit RTIR=P2^0;   //人体感应
  23          bit IR_FLAG,IR_NUM;
  24          uchar a,b,c,d,C_TEMP;
  25          uint temp;
  26          
  27          int sum=0,sum1=0;
  28          //uchar code tab[]={0x03,0x9f,0x25,0x0d,0x99,0x49,0x41,0x1f,0x01,0x09,0xfd,0xff};//0-9,-,全灭 (共阳字段表)
  29          //---------------1602----------------------
  30          uchar code   GSM_START[17]={"GSM START!      "};
  31          uchar code  GSM_START1[17]={"GSM START!!     "};
  32          uchar code  GSM_START2[17]={"GSM START!!!    "};
  33          uchar code      ATE_OK[17]={"ATE0 OK!        "};
  34          uchar code   ATCMGF_OK[17]={"TEXT MODE OK!   "};
  35          uchar code  ATCREG1_OK[17]={"NET CONNECT OK! "};
  36          uchar code  ATCREG2_OK[17]={"NET CONNECTING! "};
  37          uchar code   ATCSCA_OK[17]={"CENTER NUM OK!  "};
  38          uchar code   ATCMGS_OK[17]={"PHONE NUM OK!   "};
  39          uchar code    ATGSM_OK[17]={"GSM SEND OK!    "};
  40          //----------------------------------------------------------------
  41          uchar code   GSM_START_12864[17]={"模块启动中!     "};
  42          uchar code  GSM_START1_12864[17]={"模块启动中!!    "};
  43          uchar code  GSM_START2_12864[17]={"模块启动完毕!!! "};
  44          uchar code      ATE_OK_12864[17]={"模块启动成功!   "};
  45          uchar code   ATCMGF_OK_12864[17]={"设置文本模式!   "};
  46          uchar code  ATCREG1_OK_12864[17]={"网络连接成功!   "};
  47          uchar code  ATCREG2_OK_12864[17]={"网络连接中。。。"};
  48          uchar code   ATCSCA_OK_12864[17]={"中心号设置完成! "};
  49          uchar code  ATCSCA2_OK_12864[17]={"中心号设置中。。"};
  50          uchar code   ATCMGS_OK_12864[17]={"目标号码完成!   "};
  51          uchar code    ATGSM_OK_12864[17]={"短信发送成功!   "};
  52          //----------------------------------------------------------------
  53          uchar code   ATGPRS_QD_12864[17]={"GPRS启动!       "};
  54          uchar code   ATGPRS_JH_12864[17]={"场景设置!       "};
C51 COMPILER V7.50   GPRS                                                                  04/27/2011 09:33:06 PAGE 2   

  55          uchar code   ATGPRS_DK_12864[17]={"端口设置!       "};
  56          uchar code   ATGPRS_BJ_12864[17]={"本机IP设置!     "};
  57          uchar code   ATGPRS_CX_12864[17]={"本机IP查询!     "};
  58          uchar code   ATGPRS_JX_12864[17]={"解析域名!       "};
  59          uchar code  ATGPRS_TCP_12864[17]={"短信发送成功!   "};
  60          //----------------------------------------------------------------
  61          uchar code    ATGPRS_QD_1602[17]={"GPRS START!     "};
  62          uchar code  ATGPRS_QD_1602_1[17]={"GPRS RESTART!   "};
  63          uchar code    ATGPRS_JH_1602[17]={"ACT OK!         "};
  64          uchar code  ATGPRS_JH_1602_1[17]={"ACT RESET!      "};
  65          uchar code    ATGPRS_DK_1602[17]={"COM OK!         "};
  66          uchar code    ATGPRS_BJ_1602[17]={"IP SET!         "};
  67          uchar code    ATGPRS_CX_1602[17]={"IP FOUND!       "};
  68          uchar code    ATGPRS_JX_1602[17]={"IP SEARCH!      "};
  69          uchar code   ATGPRS_TCP_1602[17]={"GPRS OK!        "}; 
  70          uchar code ATGPRS_TCP_1602_1[17]={"GPRS ERROR!     "}; 
  71          //------------------12864------------------//
  72          uchar str0[16]={"TIME:00:00:00   "};
  73          uchar str1[16]={"TEMP:000.0C     "};
  74          
  75          #include"code\GPRS_GTM900C.h"
*** WARNING C317 IN LINE 65 OF code\GPRS_GTM900C.h: attempt to redefine macro 'CREG'
  76          void initLCM( void);                                                                                                    //LCD初始化子程序
  77          void lcd_wait(void);                                                                                                    //LCD检测忙子程序
  78          void WriteCommandLCM(uchar WCLCM,uchar BusyC);                              //写指令到ICM子函数
  79          void WriteDataLCM(uchar WDLCM);                                             //写数据到LCM子函数
  80          void DisplayOneChar(uchar X,uchar Y,uchar DData);                           //显示指定坐标的一个字符子函数
  81          void DisplayListChar(uchar X,uchar Y,uchar *DData);                    //显示指定坐标的一串字符子函数
  82          
  83          void ATE0(void);
  84          void delay_GSM(uint);
  85          void init_serialcom( void );
  86          void send_uart( unsigned char);
  87          /*
  88          void ATNAME(void);
  89          void AT_CMGS(void);
  90          void AT_CSCA(void);
  91          void AT_RST(void);
  92          void AT_CREG(void);
  93          void AT_CMGF(void);
  94          void AT_CMGR(void);
  95          void AT_CMGD(void);*/
  96          unsigned int ReadTemperature(void);
  97          
  98          void Init_T0 (void)   
  99          {           
 100   1          TMOD = 0x21;   
 101   1          TH0 = (65536-10000) /256; 
 102   1          TL0 = (65536-10000) %256;
 103   1          EA = 1;      
 104   1          ET0 = 1;
 105   1          TR0 = 1;      
 106   1      }
 107          void Time0_ISR(void)  interrupt 1    using 0
 108          {  
 109   1       TH0 = (65536-10000) /256; //初始值
 110   1       TL0 = (65536-10000) %256; 
 111   1      C_TEMP++;
 112   1      
 113   1      }
 114          
 115          void IR_TEST()
C51 COMPILER V7.50   GPRS                                                                  04/27/2011 09:33:06 PAGE 3   

 116          {
 117   1      if((RTIR==1)&&(IR_FLAG==0))
 118   1      {
 119   2      LCD_12864_DISPLAY(0,3,"有人闯入禁区!");
 120   2      delay_GSM(1000);//时间自己调整
 121   2      if((RTIR==1)&&(IR_FLAG==0))
 122   2      {IR_FLAG=1;IR_NUM=1;
 123   3      LCD_12864_DISPLAY(0,3,"确认闯入报警!");
 124   3      
 125   3      
 126   3      }
 127   2      }
 128   1      else if((RTIR==0)&&(IR_FLAG==0))
 129   1      {//IR_FLAG=0;
 130   2      LCD_12864_DISPLAY(0,3,"无人闯入禁区!");
 131   2      }
 132   1      
 133   1      }
 134          //显示时间和温度
 135          void LCD_SCREEN()
 136          {if(C_TEMP>=30){
 137   2      
 138   2      temp=readtemperature();
*** WARNING C206 IN LINE 138 OF GPRS.C: 'readtemperature': missing function-prototype
 139   2      b=ReadTimeValue(0X81);
 140   2      c=ReadTimeValue(0X83);
 141   2      d=ReadTimeValue(0X85);
 142   2      str0[5]=d/0x10+0x30;
 143   2      str0[6]=d%0x10+0x30;
 144   2      str0[8]=c/0x10+0x30;
 145   2      str0[9]=c%0x10+0x30;
 146   2      str0[11]=b/0x10+0x30;
 147   2      str0[12]=b%0x10+0x30;
 148   2      a=(temp-(temp&10))/10;
 149   2      str1[6]=(a/100)+0x30;
 150   2      str1[7]=(a/10)+0x30;
 151   2      str1[8]=(a%10)+0x30;
 152   2      str1[10]=(temp%10)+0x30;
 153   2      C_TEMP=0;
 154   2      //IR_TEST();
 155   2      
 156   2      //LCD1(str0);
 157   2      
 158   2      //LCD_12864_DISPLAY(0,0,str0);
 159   2      //LCD_12864_DISPLAY(0,1,str1);
 160   2      }
 161   1      }
 162          
 163          main()
 164          {//P1=0X00;
 165   1      //--------初始化-------------------
 166   1      RELAY=0;
 167   1      init_serialcom(); //设定串口工作方式
 168   1      Init_T0();        //设定定时器工作方式
 169   1      InitDS1302();     //设定DS1302工作方式
 170   1      lcd_init();       //设定液晶工作方式
 171   1      
 172   1      //---------------------------------
 173   1      LCD(str0, str1);
 174   1      //LCD_12864_DISPLAY(0,0,str0);
 175   1      //LCD_12864_DISPLAY(0,1,str1);
 176   1      //-------启动GSM/GPRS模块--------------
C51 COMPILER V7.50   GPRS                                                                  04/27/2011 09:33:06 PAGE 4   

 177   1      LCD(str0, GSM_START);
 178   1      //LCD_12864_DISPLAY(0,2,GSM_START_12864);
 179   1      delay_GSM(100);
 180   1      IGT=0;
 181   1      delay_GSM(100);
 182   1      IGT=1; 
 183   1      LCD(str0, GSM_START1);
 184   1      //LCD_12864_DISPLAY(0,2,GSM_START1_12864);
 185   1      delay_GSM(100);
 186   1      TC35_MAX=0;
 187   1      ATE0();
 188   1      delay_GSM(100);
 189   1      LCD(str0, GSM_START2);
 190   1      //LCD_12864_DISPLAY(0,2,GSM_START2_12864);
 191   1      for(i_TC35=0;i_TC35<=29;i_TC35++)
 192   1      {TC35_RE[i_TC35]=0;}
 193   1      i_TC35_RECE=0;
 194   1      TC35_MAX=0;
 195   1      ATE0();
 196   1      delay_GSM(100);
 197   1      for(i_TC35=0;i_TC35<=29;i_TC35++)
 198   1      {TC35_RE[i_TC35]=0;}
 199   1      i_TC35_RECE=0;
 200   1      TC35_MAX=0;
 201   1      
 202   1      ATE0();
 203   1      //-------主程序--------------
 204   1      while(1)
 205   1      {
 206   2      delay_GSM(20);
 207   2      
 208   2      //LCD_12864_DISPLAY(0,2,ATCREG2_OK);
 209   2      
 210   2      LCD_SCREEN(); 
 211   2      SEND_MESSAGE();
 212   2      /*
 213   2      if(IR_FLAG==1)
 214   2      {
 215   2      if(IR_NUM==1)
 216   2      {ATE0();
 217   2      delay_GSM(100);
 218   2      IR_NUM=0;
 219   2      }
 220   2      }
 221   2      */
 222   2      
 223   2      }
 224   1      }
 225          
 226          


MODULE INFORMATION:   STATIC OVERLAYABLE
   CODE SIZE        =   2431    ----
   CONSTANT SIZE    =    835    ----
   XDATA SIZE       =   ----    ----
   PDATA SIZE       =   ----    ----
   DATA SIZE        =     79      35
   IDATA SIZE       =   ----    ----
   BIT SIZE         =      2    ----
END OF MODULE INFORMATION.


C51 COMPILATION COMPLETE.  3 WARNING(S),  0 ERROR(S)
